<?xml version="1.0" encoding="UTF-8"?>
<testsuite xmlns:xsi="http://www.w3.org/2001/XMLSchema-instance" xsi:noNamespaceSchemaLocation="https://maven.apache.org/surefire/maven-surefire-plugin/xsd/surefire-test-report.xsd" version="3.0.2" name="edu.cczu.ShoppingCartTest" time="0.042" tests="2" errors="0" skipped="0" failures="0">
  <properties>
[...]
</properties>
  <testcase name="testCalculateTotalPrice_MultipleItems_ReturnsCorrectSum" classname="edu.cczu.ShoppingCartTest" time="0.037"/>
  <testcase name="testAddProduct_SufficientStock_ReturnsTrue" classname="edu.cczu.ShoppingCartTest" time="0.002"/>
</testsuite>